[0.011s] Invoking command in '/home/add/Projects/ROS2/test3/src/cpp_srvcli/build/cpp_srvcli': CMAKE_PREFIX_PATH=/opt/ros/foxy /usr/bin/cmake --build /home/add/Projects/ROS2/test3/src/cpp_srvcli/build/cpp_srvcli -- -j20 -l20
[0.027s] -- Found ament_cmake: 0.9.11 (/opt/ros/foxy/share/ament_cmake/cmake)
[0.042s] -- Using PYTHON_EXECUTABLE: /usr/bin/python3
[0.164s] -- Found rclcpp: 2.4.2 (/opt/ros/foxy/share/rclcpp/cmake)
[0.279s] -- Using all available rosidl_typesupport_c: rosidl_typesupport_fastrtps_c;rosidl_typesupport_introspection_c
[0.281s] -- Found rosidl_adapter: 1.3.0 (/opt/ros/foxy/share/rosidl_adapter/cmake)
[3.331s] -- Using all available rosidl_typesupport_cpp: rosidl_typesupport_fastrtps_cpp;rosidl_typesupport_introspection_cpp
[3.366s] -- Found rmw_implementation_cmake: 1.0.3 (/opt/ros/foxy/share/rmw_implementation_cmake/cmake)
[3.367s] -- Using RMW implementation 'rmw_fastrtps_cpp' as default
[3.465s] -- Found example_interfaces: 0.9.1 (/opt/ros/foxy/share/example_interfaces/cmake)
[3.539s] -- Found ament_lint_auto: 0.9.7 (/opt/ros/foxy/share/ament_lint_auto/cmake)
[3.581s] -- Added test 'copyright' to check source files copyright and LICENSE
[3.584s] -- Added test 'cppcheck' to perform static code analysis on C / C++ code
[3.585s] -- Configured cppcheck include dirs: 
[3.585s] -- Configured cppcheck exclude dirs and/or files: 
[3.588s] -- Added test 'cpplint' to check C / C++ code against the Google style
[3.588s] -- Configured cpplint exclude dirs and/or files: 
[3.588s] -- Added test 'flake8' to check Python code syntax and style conventions
[3.590s] -- Added test 'lint_cmake' to check CMake code style
[3.590s] -- Added test 'pep257' to check Python code against some of the style conventions in PEP 257
[3.593s] -- Added test 'uncrustify' to check C / C++ code style
[3.593s] -- Configured uncrustify additional arguments: 
[3.594s] -- Added test 'xmllint' to check XML markup files
[3.595s] -- Configuring done
[3.603s] -- Generating done
[3.604s] -- Build files have been written to: /home/add/Projects/ROS2/test3/src/cpp_srvcli/build/cpp_srvcli
[3.629s] [ 25%] [32m[1mLinking CXX executable server[0m
[3.634s] [ 75%] Built target client
[3.724s] /usr/bin/ld: /usr/lib/gcc/x86_64-linux-gnu/9/../../../x86_64-linux-gnu/Scrt1.o: in function `_start':
[3.724s] (.text+0x24): undefined reference to `main'
[3.727s] collect2: error: ld returned 1 exit status
[3.727s] make[2]: *** [CMakeFiles/server.dir/build.make:146: server] Error 1
[3.728s] make[1]: *** [CMakeFiles/Makefile2:107: CMakeFiles/server.dir/all] Error 2
[3.728s] make: *** [Makefile:141: all] Error 2
[3.729s] Invoked command in '/home/add/Projects/ROS2/test3/src/cpp_srvcli/build/cpp_srvcli' returned '2': CMAKE_PREFIX_PATH=/opt/ros/foxy /usr/bin/cmake --build /home/add/Projects/ROS2/test3/src/cpp_srvcli/build/cpp_srvcli -- -j20 -l20
